<?xml version="1.0" encoding="UTF-8"?>
<!-- Generated by org.testng.reporters.JUnitXMLReporter -->
<testsuite hostname="Naveenas-MBP" ignored="0" name="Test2" tests="4" failures="0" timestamp="06 Oct 2017 22:22:42 GMT" time="0.106" errors="0">
  <testcase name="@BeforeClass openBrowser" time="0.068" classname="Yelp.com.org.yelp.test_cases.SearchTest">
    <failure type="org.openqa.selenium.NoSuchSessionException" message="no such session
  (Driver info: chromedriver=2.31.488774 (7e15618d1bf16df8bf0ecf2914ed1964a387ba0b),platform=Mac OS X 10.12.5 x86_64) (WARNING: The server did not provide any stacktrace information)
Command duration or timeout: 0 milliseconds
Build info: version: &amp;apos;unknown&amp;apos;, revision: &amp;apos;unknown&amp;apos;, time: &amp;apos;unknown&amp;apos;
System info: host: &amp;apos;Naveenas-MBP&amp;apos;, ip: &amp;apos;2602:30a:c0aa:1750:d0c6:bd16:36da:aab9&amp;apos;, os.name: &amp;apos;Mac OS X&amp;apos;, os.arch: &amp;apos;x86_64&amp;apos;, os.version: &amp;apos;10.12.5&amp;apos;, java.version: &amp;apos;1.8.0_131&amp;apos;
Driver info: org.openqa.selenium.chrome.ChromeDriver
Capabilities [{applicationCacheEnabled=false, rotatable=false, mobileEmulationEnabled=false, networkConnectionEnabled=false, chrome={chromedriverVersion=2.31.488774 (7e15618d1bf16df8bf0ecf2914ed1964a387ba0b), userDataDir=/var/folders/ky/jwmqhn353wv7nkqt62gmcl_m0000gn/T/.org.chromium.Chromium.ZbPasR}, takesHeapSnapshot=true, pageLoadStrategy=normal, unhandledPromptBehavior=, databaseEnabled=false, handlesAlerts=true, hasTouchScreen=false, version=61.0.3163.100, platform=MAC, browserConnectionEnabled=false, nativeEvents=true, acceptSslCerts=true, locationContextEnabled=true, webStorageEnabled=true, browserName=chrome, takesScreenshot=true, javascriptEnabled=true, cssSelectorsEnabled=true, setWindowRect=true, unexpectedAlertBehaviour=}]
Session ID: 0e0250cd63b7388fd9b593986e2a963c">
      <![CDATA[org.openqa.selenium.NoSuchSessionException: no such session
  (Driver info: chromedriver=2.31.488774 (7e15618d1bf16df8bf0ecf2914ed1964a387ba0b),platform=Mac OS X 10.12.5 x86_64) (WARNING: The server did not provide any stacktrace information)
Command duration or timeout: 0 milliseconds
Build info: version: 'unknown', revision: 'unknown', time: 'unknown'
System info: host: 'Naveenas-MBP', ip: '2602:30a:c0aa:1750:d0c6:bd16:36da:aab9', os.name: 'Mac OS X', os.arch: 'x86_64', os.version: '10.12.5', java.version: '1.8.0_131'
Driver info: org.openqa.selenium.chrome.ChromeDriver
Capabilities [{applicationCacheEnabled=false, rotatable=false, mobileEmulationEnabled=false, networkConnectionEnabled=false, chrome={chromedriverVersion=2.31.488774 (7e15618d1bf16df8bf0ecf2914ed1964a387ba0b), userDataDir=/var/folders/ky/jwmqhn353wv7nkqt62gmcl_m0000gn/T/.org.chromium.Chromium.ZbPasR}, takesHeapSnapshot=true, pageLoadStrategy=normal, unhandledPromptBehavior=, databaseEnabled=false, handlesAlerts=true, hasTouchScreen=false, version=61.0.3163.100, platform=MAC, browserConnectionEnabled=false, nativeEvents=true, acceptSslCerts=true, locationContextEnabled=true, webStorageEnabled=true, browserName=chrome, takesScreenshot=true, javascriptEnabled=true, cssSelectorsEnabled=true, setWindowRect=true, unexpectedAlertBehaviour=}]
Session ID: 0e0250cd63b7388fd9b593986e2a963c
	at org.openqa.selenium.remote.ErrorHandler.createThrowable(ErrorHandler.java:215)
	at org.openqa.selenium.remote.ErrorHandler.throwIfResponseFailed(ErrorHandler.java:167)
	at org.openqa.selenium.remote.http.JsonHttpResponseCodec.reconstructValue(JsonHttpResponseCodec.java:40)
	at org.openqa.selenium.remote.http.AbstractHttpResponseCodec.decode(AbstractHttpResponseCodec.java:82)
	at org.openqa.selenium.remote.http.AbstractHttpResponseCodec.decode(AbstractHttpResponseCodec.java:45)
	at org.openqa.selenium.remote.HttpCommandExecutor.execute(HttpCommandExecutor.java:164)
	at org.openqa.selenium.remote.service.DriverCommandExecutor.execute(DriverCommandExecutor.java:82)
	at org.openqa.selenium.remote.RemoteWebDriver.execute(RemoteWebDriver.java:641)
	at org.openqa.selenium.remote.RemoteWebDriver.get(RemoteWebDriver.java:368)
	at Yelp.com.org.yelp.Base.BasePageSetup.testSite(BasePageSetup.java:81)
	at Yelp.com.org.yelp.test_cases.SearchTest.openBrowser(SearchTest.java:28)
... Removed 29 stack frames]]>
    </failure>
  </testcase> <!-- @BeforeClass openBrowser -->
  <testcase name="@AfterClass tearDown" time="0.0" classname="Yelp.com.org.yelp.test_cases.SearchTest">
    <skipped/>
  </testcase> <!-- @AfterClass tearDown -->
  <testcase name="test1FindDropDownMenu" time="0.0" classname="Yelp.com.org.yelp.test_cases.SearchTest">
    <skipped/>
  </testcase> <!-- test1FindDropDownMenu -->
  <testcase name="test2ParameterizeFilter" time="0.0" classname="Yelp.com.org.yelp.test_cases.SearchTest">
    <skipped/>
  </testcase> <!-- test2ParameterizeFilter -->
  <testcase name="test3starRating" time="0.0" classname="Yelp.com.org.yelp.test_cases.SearchTest">
    <skipped/>
  </testcase> <!-- test3starRating -->
  <testcase name="test4ExpandFirstSearchResult" time="0.0" classname="Yelp.com.org.yelp.test_cases.SearchTest">
    <skipped/>
  </testcase> <!-- test4ExpandFirstSearchResult -->
</testsuite> <!-- Test2 -->
