<?xml version="1.0" encoding="UTF-8"?>
<!-- Generated by org.testng.reporters.JUnitReportReporter -->
<testsuite skipped="0" hostname="Naveenas-MBP" name="Yelp.com.org.yelp.Pages.Yelp" tests="4" failures="1" timestamp="06 Oct 2017 07:38:04 GMT" time="46.198" errors="0">
  <testcase name="test1FindDropDownMenu" time="15.002" classname="Yelp.com.org.yelp.Pages.Yelp"/>
  <testcase name="test4ExpandFirstSearchResult" time="5.109" classname="Yelp.com.org.yelp.Pages.Yelp">
    <failure type="java.lang.AssertionError" message="Unexpected end of TESTING: browser lost">
      <![CDATA[java.lang.AssertionError: Unexpected end of TESTING: browser lost
	at org.junit.Assert.fail(Assert.java:88)
	at Yelp.com.org.yelp.Pages.Yelp.test4ExpandFirstSearchResult(Yelp.java:210)
	at sun.reflect.NativeMethodAccessorImpl.invoke0(Native Method)
	at sun.reflect.NativeMethodAccessorImpl.invoke(NativeMethodAccessorImpl.java:62)
	at sun.reflect.DelegatingMethodAccessorImpl.invoke(DelegatingMethodAccessorImpl.java:43)
	at java.lang.reflect.Method.invoke(Method.java:498)
	at org.testng.internal.MethodInvocationHelper.invokeMethod(MethodInvocationHelper.java:108)
	at org.testng.internal.Invoker.invokeMethod(Invoker.java:661)
	at org.testng.internal.Invoker.invokeTestMethod(Invoker.java:869)
	at org.testng.internal.Invoker.invokeTestMethods(Invoker.java:1193)
	at org.testng.internal.TestMethodWorker.invokeTestMethods(TestMethodWorker.java:126)
	at org.testng.internal.TestMethodWorker.run(TestMethodWorker.java:109)
	at org.testng.TestRunner.privateRun(TestRunner.java:744)
	at org.testng.TestRunner.run(TestRunner.java:602)
	at org.testng.SuiteRunner.runTest(SuiteRunner.java:380)
	at org.testng.SuiteRunner.runSequentially(SuiteRunner.java:375)
	at org.testng.SuiteRunner.privateRun(SuiteRunner.java:340)
	at org.testng.SuiteRunner.run(SuiteRunner.java:289)
	at org.testng.SuiteRunnerWorker.runSuite(SuiteRunnerWorker.java:52)
	at org.testng.SuiteRunnerWorker.run(SuiteRunnerWorker.java:86)
	at org.testng.TestNG.runSuitesSequentially(TestNG.java:1301)
	at org.testng.TestNG.runSuitesLocally(TestNG.java:1226)
	at org.testng.TestNG.runSuites(TestNG.java:1144)
	at org.testng.TestNG.run(TestNG.java:1115)
	at org.testng.remote.AbstractRemoteTestNG.run(AbstractRemoteTestNG.java:132)
	at org.testng.remote.RemoteTestNG.initAndRun(RemoteTestNG.java:230)
	at org.testng.remote.RemoteTestNG.main(RemoteTestNG.java:76)
]]>
    </failure>
  </testcase> <!-- test4ExpandFirstSearchResult -->
  <testcase name="test2ParameterizeFilter" time="21.289" classname="Yelp.com.org.yelp.Pages.Yelp"/>
  <testcase name="test3StarRating" time="4.798" classname="Yelp.com.org.yelp.Pages.Yelp"/>
</testsuite> <!-- Yelp.com.org.yelp.Pages.Yelp -->
